# JRE version: Java(TM) SE Runtime Environment (8.0_221-b11) (build 1.8.0_221-b11)
# Java VM: Java HotSpot(TM) 64-Bit Server VM (25.221-b11 mixed mode windows-amd64 compressed oops)
Heap:
 PSYoungGen      total 243712K, used 35301K [0x00000000db300000, 0x00000000f3800000, 0x0000000100000000)
  eden space 223232K, 15% used [0x00000000db300000,0x00000000dd579668,0x00000000e8d00000)
  from space 20480K, 0% used [0x00000000e8d00000,0x00000000e8d00000,0x00000000ea100000)
  to   space 20480K, 0% used [0x00000000f2400000,0x00000000f2400000,0x00000000f3800000)
 ParOldGen       total 74240K, used 27311K [0x0000000091800000, 0x0000000096080000, 0x00000000db300000)
  object space 74240K, 36% used [0x0000000091800000,0x00000000932abd80,0x0000000096080000)
 Metaspace       used 25892K, capacity 26508K, committed 26800K, reserved 1073152K
  class space    used 2951K, capacity 3139K, committed 3248K, reserved 1048576K
GC Heap History (10 events):
Event: 5.914 GC heap before
{Heap before GC invocations=6 (full 0):
 PSYoungGen      total 61952K, used 61920K [0x00000000db300000, 0x00000000e3a00000, 0x0000000100000000)
  eden space 57344K, 100% used [0x00000000db300000,0x00000000deb00000,0x00000000deb00000)
  from space 4608K, 99% used [0x00000000deb00000,0x00000000def78020,0x00000000def80000)
  to   space 11776K, 0% used [0x00000000e2e80000,0x00000000e2e80000,0x00000000e3a00000)
 ParOldGen       total 76800K, used 14772K [0x0000000091800000, 0x0000000096300000, 0x00000000db300000)
  object space 76800K, 19% used [0x0000000091800000,0x000000009266d140,0x0000000096300000)
 Metaspace       used 15703K, capacity 15962K, committed 16128K, reserved 1062912K
  class space    used 1850K, capacity 1924K, committed 2048K, reserved 1048576K
Event: 5.951 GC heap after
Heap after GC invocations=6 (full 0):
 PSYoungGen      total 124416K, used 11769K [0x00000000db300000, 0x00000000e3e00000, 0x0000000100000000)
  eden space 112640K, 0% used [0x00000000db300000,0x00000000db300000,0x00000000e2100000)
  from space 11776K, 99% used [0x00000000e2e80000,0x00000000e39fe770,0x00000000e3a00000)
  to   space 13824K, 0% used [0x00000000e2100000,0x00000000e2100000,0x00000000e2e80000)
 ParOldGen       total 76800K, used 15404K [0x0000000091800000, 0x0000000096300000, 0x00000000db300000)
  object space 76800K, 20% used [0x0000000091800000,0x000000009270b0a8,0x0000000096300000)
 Metaspace       used 15703K, capacity 15962K, committed 16128K, reserved 1062912K
  class space    used 1850K, capacity 1924K, committed 2048K, reserved 1048576K
}
Event: 7.695 GC heap before
{Heap before GC invocations=7 (full 0):
 PSYoungGen      total 124416K, used 124409K [0x00000000db300000, 0x00000000e3e00000, 0x0000000100000000)
  eden space 112640K, 100% used [0x00000000db300000,0x00000000e2100000,0x00000000e2100000)
  from space 11776K, 99% used [0x00000000e2e80000,0x00000000e39fe770,0x00000000e3a00000)
  to   space 13824K, 0% used [0x00000000e2100000,0x00000000e2100000,0x00000000e2e80000)
 ParOldGen       total 76800K, used 15404K [0x0000000091800000, 0x0000000096300000, 0x00000000db300000)
  object space 76800K, 20% used [0x0000000091800000,0x000000009270b0a8,0x0000000096300000)
 Metaspace       used 17256K, capacity 17548K, committed 17920K, reserved 1064960K
  class space    used 2064K, capacity 2194K, committed 2304K, reserved 1048576K
Event: 7.727 GC heap after
Heap after GC invocations=7 (full 0):
 PSYoungGen      total 126464K, used 13792K [0x00000000db300000, 0x00000000eb300000, 0x0000000100000000)
  eden space 112640K, 0% used [0x00000000db300000,0x00000000db300000,0x00000000e2100000)
  from space 13824K, 99% used [0x00000000e2100000,0x00000000e2e78020,0x00000000e2e80000)
  to   space 18432K, 0% used [0x00000000ea100000,0x00000000ea100000,0x00000000eb300000)
 ParOldGen       total 76800K, used 21090K [0x0000000091800000, 0x0000000096300000, 0x00000000db300000)
  object space 76800K, 27% used [0x0000000091800000,0x0000000092c98b70,0x0000000096300000)
 Metaspace       used 17256K, capacity 17548K, committed 17920K, reserved 1064960K
  class space    used 2064K, capacity 2194K, committed 2304K, reserved 1048576K
}
Event: 9.543 GC heap before
{Heap before GC invocations=8 (full 0):
 PSYoungGen      total 126464K, used 126432K [0x00000000db300000, 0x00000000eb300000, 0x0000000100000000)
  eden space 112640K, 100% used [0x00000000db300000,0x00000000e2100000,0x00000000e2100000)
  from space 13824K, 99% used [0x00000000e2100000,0x00000000e2e78020,0x00000000e2e80000)
  to   space 18432K, 0% used [0x00000000ea100000,0x00000000ea100000,0x00000000eb300000)
 ParOldGen       total 76800K, used 21090K [0x0000000091800000, 0x0000000096300000, 0x00000000db300000)
  object space 76800K, 27% used [0x0000000091800000,0x0000000092c98b70,0x0000000096300000)
 Metaspace       used 18523K, capacity 19030K, committed 19328K, reserved 1067008K
  class space    used 2190K, capacity 2371K, committed 2432K, reserved 1048576K
Event: 9.577 GC heap after
Heap after GC invocations=8 (full 0):
 PSYoungGen      total 241664K, used 16412K [0x00000000db300000, 0x00000000eb700000, 0x0000000100000000)
  eden space 223232K, 0% used [0x00000000db300000,0x00000000db300000,0x00000000e8d00000)
  from space 18432K, 89% used [0x00000000ea100000,0x00000000eb107080,0x00000000eb300000)
  to   space 20480K, 0% used [0x00000000e8d00000,0x00000000e8d00000,0x00000000ea100000)
 ParOldGen       total 76800K, used 23150K [0x0000000091800000, 0x0000000096300000, 0x00000000db300000)
  object space 76800K, 30% used [0x0000000091800000,0x0000000092e9bbe0,0x0000000096300000)
 Metaspace       used 18523K, capacity 19030K, committed 19328K, reserved 1067008K
  class space    used 2190K, capacity 2371K, committed 2432K, reserved 1048576K
}
Event: 9.990 GC heap before
{Heap before GC invocations=9 (full 0):
 PSYoungGen      total 241664K, used 29089K [0x00000000db300000, 0x00000000eb700000, 0x0000000100000000)
  eden space 223232K, 5% used [0x00000000db300000,0x00000000dbf61380,0x00000000e8d00000)
  from space 18432K, 89% used [0x00000000ea100000,0x00000000eb107080,0x00000000eb300000)
  to   space 20480K, 0% used [0x00000000e8d00000,0x00000000e8d00000,0x00000000ea100000)
 ParOldGen       total 76800K, used 23150K [0x0000000091800000, 0x0000000096300000, 0x00000000db300000)
  object space 76800K, 30% used [0x0000000091800000,0x0000000092e9bbe0,0x0000000096300000)
 Metaspace       used 20646K, capacity 21200K, committed 21296K, reserved 1069056K
  class space    used 2422K, capacity 2586K, committed 2608K, reserved 1048576K
Event: 10.023 GC heap after
Heap after GC invocations=9 (full 0):
 PSYoungGen      total 243712K, used 13352K [0x00000000db300000, 0x00000000f3800000, 0x0000000100000000)
  eden space 223232K, 0% used [0x00000000db300000,0x00000000db300000,0x00000000e8d00000)
  from space 20480K, 65% used [0x00000000e8d00000,0x00000000e9a0a128,0x00000000ea100000)
  to   space 20480K, 0% used [0x00000000f2400000,0x00000000f2400000,0x00000000f3800000)
 ParOldGen       total 76800K, used 26366K [0x0000000091800000, 0x0000000096300000, 0x00000000db300000)
  object space 76800K, 34% used [0x0000000091800000,0x00000000931bfbe0,0x0000000096300000)
 Metaspace       used 20646K, capacity 21200K, committed 21296K, reserved 1069056K
  class space    used 2422K, capacity 2586K, committed 2608K, reserved 1048576K
}
Event: 10.023 GC heap before
{Heap before GC invocations=10 (full 1):
 PSYoungGen      total 243712K, used 13352K [0x00000000db300000, 0x00000000f3800000, 0x0000000100000000)
  eden space 223232K, 0% used [0x00000000db300000,0x00000000db300000,0x00000000e8d00000)
  from space 20480K, 65% used [0x00000000e8d00000,0x00000000e9a0a128,0x00000000ea100000)
  to   space 20480K, 0% used [0x00000000f2400000,0x00000000f2400000,0x00000000f3800000)
 ParOldGen       total 76800K, used 26366K [0x0000000091800000, 0x0000000096300000, 0x00000000db300000)
  object space 76800K, 34% used [0x0000000091800000,0x00000000931bfbe0,0x0000000096300000)
 Metaspace       used 20646K, capacity 21200K, committed 21296K, reserved 1069056K
  class space    used 2422K, capacity 2586K, committed 2608K, reserved 1048576K
Event: 10.233 GC heap after
Heap after GC invocations=10 (full 1):
 PSYoungGen      total 243712K, used 0K [0x00000000db300000, 0x00000000f3800000, 0x0000000100000000)
  eden space 223232K, 0% used [0x00000000db300000,0x00000000db300000,0x00000000e8d00000)
  from space 20480K, 0% used [0x00000000e8d00000,0x00000000e8d00000,0x00000000ea100000)
  to   space 20480K, 0% used [0x00000000f2400000,0x00000000f2400000,0x00000000f3800000)
 ParOldGen       total 74240K, used 27311K [0x0000000091800000, 0x0000000096080000, 0x00000000db300000)
  object space 74240K, 36% used [0x0000000091800000,0x00000000932abd80,0x0000000096080000)
 Metaspace       used 20646K, capacity 21200K, committed 21296K, reserved 1069056K
  class space    used 2422K, capacity 2586K, committed 2608K, reserved 1048576K
}

